2026-04-03T20:58:49+02:00 [INFO] (codacy-cli-v2/cli-v2.go:27) Starting Codacy CLI version=1.0.0-main.373.sha.9b6cc83 (9b6cc83) built at 2026-03-30T08:19:03Z
2026-04-03T20:59:27+02:00 [INFO] (codacy-cli-v2/cli-v2.go:27) Starting Codacy CLI version=1.0.0-main.373.sha.9b6cc83 (9b6cc83) built at 2026-03-30T08:19:03Z
2026-04-03T20:59:30+02:00 [INFO] (codacy-cli-v2/cli-v2.go:27) Starting Codacy CLI version=1.0.0-main.373.sha.9b6cc83 (9b6cc83) built at 2026-03-30T08:19:03Z
2026-04-03T21:03:01+02:00 [INFO] (codacy-cli-v2/cli-v2.go:27) Starting Codacy CLI version=1.0.0-main.373.sha.9b6cc83 (9b6cc83) built at 2026-03-30T08:19:03Z
2026-04-03T21:05:05+02:00 [INFO] (codacy-cli-v2/cli-v2.go:27) Starting Codacy CLI version=1.0.0-main.373.sha.9b6cc83 (9b6cc83) built at 2026-03-30T08:19:03Z
2026-04-03T21:05:05+02:00 [INFO] (codacy-cli-v2/cli-v2.go:27) Starting Codacy CLI version=1.0.0-main.373.sha.9b6cc83 (9b6cc83) built at 2026-03-30T08:19:03Z
2026-04-03T21:05:05+02:00 [INFO] (codacy-cli-v2/cmd/root.go:34) Executing CLI command command=install full_command=[/home/wojtek/.local/bin/codacy-cli-v2 install] args=[]
2026-04-03T21:05:05+02:00 [INFO] (codacy-cli-v2/cmd/install.go:78) Starting installation process
2026-04-03T21:05:05+02:00 [INFO] (codacy-cli-v2/cmd/install.go:107) Runtime scheduled for installation runtime=node version=24.14.0
2026-04-03T21:05:05+02:00 [INFO] (codacy-cli-v2/cmd/install.go:116) Tool scheduled for installation version=9.39.3 tool=eslint
2026-04-03T21:05:05+02:00 [INFO] (codacy-cli-v2/cmd/install.go:157) Installing runtime version=24.14.0 runtime=node
2026-04-03T21:05:05+02:00 [DEBUG] (codacy-cli-v2/config/runtimes-installer.go:94) Downloading runtime downloadPath=/home/wojtek/.cache/codacy/runtimes/node-v24.14.0-linux-x64.tar.gz runtime=node version=24.14.0 downloadURL=https://nodejs.org/dist/v24.14.0/node-v24.14.0-linux-x64.tar.gz
2026-04-03T21:05:05+02:00 [DEBUG] (codacy-cli-v2/utils/download.go:15) Attempting to download from URL url=https://nodejs.org/dist/v24.14.0/node-v24.14.0-linux-x64.tar.gz
2026-04-03T21:05:05+02:00 [DEBUG] (codacy-cli-v2/utils/download.go:21) Target filename determined fileName=node-v24.14.0-linux-x64.tar.gz
2026-04-03T21:05:05+02:00 [DEBUG] (codacy-cli-v2/utils/download.go:27) Destination path set destPath=/home/wojtek/.cache/codacy/runtimes/node-v24.14.0-linux-x64.tar.gz
2026-04-03T21:05:05+02:00 [DEBUG] (codacy-cli-v2/utils/download.go:47) Making HTTP GET request url=https://nodejs.org/dist/v24.14.0/node-v24.14.0-linux-x64.tar.gz
2026-04-03T21:05:05+02:00 [DEBUG] (codacy-cli-v2/utils/download.go:69) Downloading file content
2026-04-03T21:05:11+02:00 [DEBUG] (codacy-cli-v2/utils/download.go:74) Downloaded file successfully bytes=56185866
2026-04-03T21:05:11+02:00 [DEBUG] (codacy-cli-v2/config/runtimes-installer.go:122) Extracting runtime runtime=node version=24.14.0 fileName=node-v24.14.0-linux-x64.tar.gz extractDirectory=/home/wojtek/.cache/codacy/runtimes
2026-04-03T21:05:13+02:00 [DEBUG] (codacy-cli-v2/config/runtimes-installer.go:152) Runtime extraction completed runtime=node version=24.14.0
2026-04-03T21:05:13+02:00 [INFO] (codacy-cli-v2/cmd/install.go:173) Successfully installed runtime runtime=node version=24.14.0
2026-04-03T21:05:13+02:00 [INFO] (codacy-cli-v2/cmd/install.go:185) Installing tool version=9.39.3 tool=eslint
2026-04-03T21:05:13+02:00 [DEBUG] (codacy-cli-v2/config/tools-installer.go:135) Installing runtime-based tool tool=eslint version=9.39.3 runtime=node
2026-04-03T21:05:13+02:00 [DEBUG] (codacy-cli-v2/config/tools-installer.go:204) Installing tool packageManagerBin=/home/wojtek/.cache/codacy/runtimes/node-v24.14.0-linux-x64/bin/npm command=install --prefix /home/wojtek/.cache/codacy/tools/eslint@9.39.3 eslint@9.39.3 @microsoft/eslint-formatter-sarif tool=eslint version=9.39.3 packageManager=npm
2026-04-03T21:05:13+02:00 [DEBUG] (codacy-cli-v2/config/tools-installer.go:234) Setting PATH environment for ESLint installation nodeDir=/home/wojtek/.cache/codacy/runtimes/node-v24.14.0-linux-x64/bin currentPath=/home/wojtek/.nvm/versions/node/v24.14.0/bin:/home/wojtek/.local/bin:/home/wojtek/.local/bin:/home/wojtek/.local/bin:/home/wojtek/.nvm/versions/node/v24.14.0/bin:/usr/local/sbin:/usr/local/bin:/usr/sbin:/usr/bin:/sbin:/bin:/usr/games:/usr/local/games:/usr/lib/wsl/lib:/mnt/c/Windows/system32:/mnt/c/Windows:/mnt/c/Windows/System32/Wbem:/mnt/c/Windows/System32/WindowsPowerShell/v1.0/:/mnt/c/Windows/System32/OpenSSH/:/mnt/c/Program Files/PuTTY/:/mnt/c/Users/wmitr/AppData/Local/Microsoft/WindowsApps:/mnt/c/Users/wmitr/AppData/Local/Programs/Microsoft VS Code/bin:/mnt/c/Users/wmitr/AppData/Local/Programs/Podman/:/snap/bin newPath=/home/wojtek/.cache/codacy/runtimes/node-v24.14.0-linux-x64/bin:/home/wojtek/.nvm/versions/node/v24.14.0/bin:/home/wojtek/.local/bin:/home/wojtek/.local/bin:/home/wojtek/.local/bin:/home/wojtek/.nvm/versions/node/v24.14.0/bin:/usr/local/sbin:/usr/local/bin:/usr/sbin:/usr/bin:/sbin:/bin:/usr/games:/usr/local/games:/usr/lib/wsl/lib:/mnt/c/Windows/system32:/mnt/c/Windows:/mnt/c/Windows/System32/Wbem:/mnt/c/Windows/System32/WindowsPowerShell/v1.0/:/mnt/c/Windows/System32/OpenSSH/:/mnt/c/Program Files/PuTTY/:/mnt/c/Users/wmitr/AppData/Local/Microsoft/WindowsApps:/mnt/c/Users/wmitr/AppData/Local/Programs/Microsoft VS Code/bin:/mnt/c/Users/wmitr/AppData/Local/Programs/Podman/:/snap/bin
2026-04-03T21:05:13+02:00 [DEBUG] (codacy-cli-v2/config/tools-installer.go:243) Running command command=/home/wojtek/.cache/codacy/runtimes/node-v24.14.0-linux-x64/bin/npm install --prefix /home/wojtek/.cache/codacy/tools/eslint@9.39.3 eslint@9.39.3 @microsoft/eslint-formatter-sarif
2026-04-03T21:05:21+02:00 [DEBUG] (codacy-cli-v2/config/tools-installer.go:251) Tool installation completed tool=eslint version=9.39.3
2026-04-03T21:05:21+02:00 [INFO] (codacy-cli-v2/cmd/install.go:201) Successfully installed tool tool=eslint version=9.39.3
2026-04-03T21:05:21+02:00 [INFO] (codacy-cli-v2/cmd/install.go:240) Installation completed successfully
2026-04-03T21:06:20+02:00 [INFO] (codacy-cli-v2/cli-v2.go:27) Starting Codacy CLI version=1.0.0-main.373.sha.9b6cc83 (9b6cc83) built at 2026-03-30T08:19:03Z
2026-04-03T21:06:20+02:00 [INFO] (codacy-cli-v2/cmd/root.go:34) Executing CLI command args=[] command=analyze full_command=[/home/wojtek/.local/bin/codacy-cli-v2 analyze --tool eslint]
2026-04-03T21:06:20+02:00 [INFO] (codacy-cli-v2/cmd/analyze.go:334) Config file found in repository root for tool, skipping config creation tool=eslint toolConfigPath=eslint.config.mjs
2026-04-03T21:22:52+02:00 [INFO] (codacy-cli-v2/cli-v2.go:27) Starting Codacy CLI version=1.0.0-main.373.sha.9b6cc83 (9b6cc83) built at 2026-03-30T08:19:03Z
2026-04-03T21:22:52+02:00 [INFO] (codacy-cli-v2/cmd/root.go:34) Executing CLI command args=[] command=analyze full_command=[/home/wojtek/.local/bin/codacy-cli-v2 analyze --tool eslint]
2026-04-03T21:22:52+02:00 [INFO] (codacy-cli-v2/cmd/analyze.go:334) Config file found in repository root for tool, skipping config creation tool=eslint toolConfigPath=eslint.config.mjs
2026-04-03T21:59:55+02:00 [INFO] (codacy-cli-v2/cli-v2.go:27) Starting Codacy CLI version=1.0.0-main.373.sha.9b6cc83 (9b6cc83) built at 2026-03-30T08:19:03Z
2026-04-03T21:59:55+02:00 [INFO] (codacy-cli-v2/cmd/root.go:34) Executing CLI command command=analyze full_command=[/home/wojtek/.local/bin/codacy-cli-v2 analyze --tool eslint --api-token *** --provider gh --organization wmitrus --repository nextjs-16-boilerplate] args=[]
2026-04-03T21:59:56+02:00 [INFO] (codacy-cli-v2/cmd/analyze.go:334) Config file found in repository root for tool, skipping config creation toolConfigPath=eslint.config.mjs tool=eslint
2026-04-03T22:01:34+02:00 [INFO] (codacy-cli-v2/cli-v2.go:27) Starting Codacy CLI version=1.0.0-main.373.sha.9b6cc83 (9b6cc83) built at 2026-03-30T08:19:03Z
2026-04-03T22:01:34+02:00 [INFO] (codacy-cli-v2/cmd/root.go:34) Executing CLI command command=analyze full_command=[/home/wojtek/.local/bin/codacy-cli-v2 analyze --tool eslint --api-token *** --provider gh --organization wmitrus --repository nextjs-16-boilerplate --format sarif --output /home/wojtek/projects/nextjs-16-boilerplate/.codacy/reports/codacy-results.sarif] args=[]
2026-04-03T22:01:34+02:00 [INFO] (codacy-cli-v2/cmd/analyze.go:334) Config file found in repository root for tool, skipping config creation tool=eslint toolConfigPath=eslint.config.mjs
